  SolarSystemAnimation.cpp
E:\FMI-UniBuc\3rd\Grafica\Proiecte\spatial-graphic\Project-1\SolarSystemAnimation.cpp(36,26): warning C4305: 'initializing': truncation from 'double' to 'float'
E:\FMI-UniBuc\3rd\Grafica\Proiecte\spatial-graphic\Project-1\SolarSystemAnimation.cpp(55,76): warning C4305: 'initializing': truncation from 'double' to 'float'
E:\FMI-UniBuc\3rd\Grafica\Proiecte\spatial-graphic\Project-1\SolarSystemAnimation.cpp(78,39): warning C4244: 'argument': conversion from 'int' to '_Ty', possible loss of data
          with
          [
              _Ty=GLfloat
          ]
E:\FMI-UniBuc\3rd\Grafica\Proiecte\spatial-graphic\Project-1\SolarSystemAnimation.cpp(79,39): warning C4244: 'argument': conversion from 'int' to '_Ty', possible loss of data
          with
          [
              _Ty=GLfloat
          ]
E:\FMI-UniBuc\3rd\Grafica\Proiecte\spatial-graphic\Project-1\SolarSystemAnimation.cpp(307,24): warning C4244: '=': conversion from 'double' to 'float', possible loss of data
E:\FMI-UniBuc\3rd\Grafica\Proiecte\spatial-graphic\Project-1\SolarSystemAnimation.cpp(308,28): warning C4244: '=': conversion from 'double' to 'float', possible loss of data
E:\FMI-UniBuc\3rd\Grafica\Proiecte\spatial-graphic\Project-1\SolarSystemAnimation.cpp(316,24): warning C4244: '=': conversion from 'double' to 'float', possible loss of data
E:\FMI-UniBuc\3rd\Grafica\Proiecte\spatial-graphic\Project-1\SolarSystemAnimation.cpp(317,28): warning C4244: '=': conversion from 'double' to 'float', possible loss of data
E:\FMI-UniBuc\3rd\Grafica\Proiecte\spatial-graphic\Project-1\SolarSystemAnimation.cpp(486,28): warning C4244: 'argument': conversion from 'float' to 'int', possible loss of data
E:\FMI-UniBuc\3rd\Grafica\Proiecte\spatial-graphic\Project-1\SolarSystemAnimation.cpp(486,21): warning C4244: 'argument': conversion from 'float' to 'int', possible loss of data
  Project-1.vcxproj -> E:\FMI-UniBuc\3rd\Grafica\Proiecte\spatial-graphic\x64\Debug\Project-1.exe
