loadShaders.obj : error LNK2001: unresolved external symbol __imp___glewUseProgram
loadShaders.obj : error LNK2001: unresolved external symbol __imp___glewCompileShader
loadShaders.obj : error LNK2001: unresolved external symbol __imp___glewCreateShader
loadShaders.obj : error LNK2001: unresolved external symbol __imp___glewCreateProgram
loadShaders.obj : error LNK2001: unresolved external symbol __imp___glewAttachShader
loadShaders.obj : error LNK2001: unresolved external symbol __imp___glewShaderSource
loadShaders.obj : error LNK2001: unresolved external symbol __imp___glewDetachShader
loadShaders.obj : error LNK2001: unresolved external symbol __imp___glewDeleteShader
loadShaders.obj : error LNK2001: unresolved external symbol __imp___glewLinkProgram
SolarSystemAnimation.obj : error LNK2001: unresolved external symbol __imp___glewEnableVertexAttribArray
SolarSystemAnimation.obj : error LNK2001: unresolved external symbol __imp___glewBindVertexArray
SolarSystemAnimation.obj : error LNK2001: unresolved external symbol __imp___glewVertexAttribPointer
SolarSystemAnimation.obj : error LNK2001: unresolved external symbol __imp___glewBindBuffer
SolarSystemAnimation.obj : error LNK2001: unresolved external symbol __imp___glewUniform1i
SolarSystemAnimation.obj : error LNK2001: unresolved external symbol __imp___glewDeleteVertexArrays
SolarSystemAnimation.obj : error LNK2001: unresolved external symbol __imp___glewGetUniformLocation
SolarSystemAnimation.obj : error LNK2001: unresolved external symbol __imp___glewBufferData
SolarSystemAnimation.obj : error LNK2001: unresolved external symbol __imp___glewActiveTexture
SolarSystemAnimation.obj : error LNK2001: unresolved external symbol __imp___glewDeleteProgram
SolarSystemAnimation.obj : error LNK2001: unresolved external symbol __imp___glewGenVertexArrays
SolarSystemAnimation.obj : error LNK2001: unresolved external symbol __imp___glewDisableVertexAttribArray
SolarSystemAnimation.obj : error LNK2001: unresolved external symbol __imp___glewUniformMatrix4fv
SolarSystemAnimation.obj : error LNK2001: unresolved external symbol __imp___glewGenBuffers
SolarSystemAnimation.obj : error LNK2001: unresolved external symbol __imp___glewGenerateMipmap
SolarSystemAnimation.obj : error LNK2001: unresolved external symbol __imp_glewInit
SolarSystemAnimation.obj : error LNK2001: unresolved external symbol __imp___glewDeleteBuffers
E:\FMI-UniBuc\3rd\Grafica\Proiecte\spatial-graphic\x64\Release\Project-1.exe : fatal error LNK1120: 26 unresolved externals
